  Building GameAssembly.dll with MsvcWinRtToolChain
  	Msvc Install Version: 15.0
  	Msvc Install SDK Directory: C:\Program Files (x86)\Windows Kits\10
  	Msvc Linker Path: C:\Program Files\Microsoft Visual Studio\2022\Community\VC\Tools\MSVC\14.33.31629\bin\HostX64\ARM64\link.exe
  	Msvc Compiler Path: C:\Program Files\Microsoft Visual Studio\2022\Community\VC\Tools\MSVC\14.33.31629\bin\HostX64\ARM64\cl.exe
  
  	Output directory: C:\Users\Skullkrasher\Documents\GitHub\CHILL-ICE-Project\MoonVR\BuildFile\build\bin\ARM64\Master
  	Cache directory: C:\Users\Skullkrasher\Documents\GitHub\CHILL-ICE-Project\MoonVR\BuildFile\build\obj\il2cppOutputProject\ARM64\Master
  ObjectFiles: 652 of which compiled: 0
  Total compilation time: 1163 milliseconds.
  il2cpp.exe didn't catch exception: Unity.IL2CPP.Building.BuilderFailedException: C:\Program Files\Microsoft Visual Studio\2022\Community\VC\Tools\MSVC\14.33.31629\bin\HostX64\ARM64\link.exe /out:"C:\Users\Skullkrasher\Documents\GitHub\CHILL-ICE-Project\MoonVR\BuildFile\build\obj\il2cppOutputProject\ARM64\Master\linkresult_0827991CE6E22BB9842B3617C12AA801\GameAssembly.dll" /DEBUG /INCREMENTAL:NO /LARGEADDRESSAWARE /NXCOMPAT /DYNAMICBASE /NOLOGO /TLBID:1 /OPT:REF /OPT:ICF /DLL /IGNORE:4104 /NODEFAULTLIB:uuid.lib "Shcore.lib" "WindowsApp.lib" "Crypt32.lib" "Iphlpapi.lib" /LIBPATH:"C:\Program Files (x86)\Windows Kits\10\Lib\10.0.19041.0\um\arm64" /LIBPATH:"C:\Program Files (x86)\Windows Kits\10\Lib\10.0.19041.0\ucrt\arm64" /LIBPATH:"C:\Program Files\Microsoft Visual Studio\2022\Community\VC\Tools\MSVC\14.33.31629\lib\ARM64\store" /APPCONTAINER /SUBSYSTEM:WINDOWS /NODEFAULTLIB:ole32.lib /NODEFAULTLIB:kernel32.lib @"C:\Users\Skullkrasher\AppData\Local\Temp\tmp1D0A.tmp"
  
4C2B0E0C94439A32D004F219AD7F8908.obj : fatal error LNK1136: invalid or corrupt file
  
     at Unity.IL2CPP.Building.CppProgramBuilder.PostprocessObjectFiles(HashSet`1 objectFiles, CppToolChainContext toolChainContext)
     at Unity.IL2CPP.Building.CppProgramBuilder.Build(IBuildStatistics& statistics)
     at il2cpp.Program.DoRun(String[] args, List`1 foundAssemblies)
     at il2cpp.Program.Run(String[] args, Boolean setInvariantCulture)
     at il2cpp.Program.Main(String[] args)
  
  Unhandled Exception: Unity.IL2CPP.Building.BuilderFailedException: C:\Program Files\Microsoft Visual Studio\2022\Community\VC\Tools\MSVC\14.33.31629\bin\HostX64\ARM64\link.exe /out:"C:\Users\Skullkrasher\Documents\GitHub\CHILL-ICE-Project\MoonVR\BuildFile\build\obj\il2cppOutputProject\ARM64\Master\linkresult_0827991CE6E22BB9842B3617C12AA801\GameAssembly.dll" /DEBUG /INCREMENTAL:NO /LARGEADDRESSAWARE /NXCOMPAT /DYNAMICBASE /NOLOGO /TLBID:1 /OPT:REF /OPT:ICF /DLL /IGNORE:4104 /NODEFAULTLIB:uuid.lib "Shcore.lib" "WindowsApp.lib" "Crypt32.lib" "Iphlpapi.lib" /LIBPATH:"C:\Program Files (x86)\Windows Kits\10\Lib\10.0.19041.0\um\arm64" /LIBPATH:"C:\Program Files (x86)\Windows Kits\10\Lib\10.0.19041.0\ucrt\arm64" /LIBPATH:"C:\Program Files\Microsoft Visual Studio\2022\Community\VC\Tools\MSVC\14.33.31629\lib\ARM64\store" /APPCONTAINER /SUBSYSTEM:WINDOWS /NODEFAULTLIB:ole32.lib /NODEFAULTLIB:kernel32.lib @"C:\Users\Skullkrasher\AppData\Local\Temp\tmp1D0A.tmp"
  
4C2B0E0C94439A32D004F219AD7F8908.obj : fatal error LNK1136: invalid or corrupt file
  
     at Unity.IL2CPP.Building.CppProgramBuilder.PostprocessObjectFiles(HashSet`1 objectFiles, CppToolChainContext toolChainContext)
     at Unity.IL2CPP.Building.CppProgramBuilder.Build(IBuildStatistics& statistics)
     at il2cpp.Program.DoRun(String[] args, List`1 foundAssemblies)
     at il2cpp.Program.Run(String[] args, Boolean setInvariantCulture)
     at il2cpp.Program.Main(String[] args)
C:\Program Files\Microsoft Visual Studio\2022\Community\MSBuild\Microsoft\VC\v170\Microsoft.MakeFile.Targets(45,5): error MSB3073: The command ""C:\Users\Skullkrasher\Documents\GitHub\CHILL-ICE-Project\MoonVR\BuildFile\Il2CppOutputProject\\IL2CPP\build\deploy\net471\il2cpp.exe" --libil2cpp-static --compile-cpp -architecture=ARM64 -configuration=Release -platform=winrt -outputpath="C:\Users\Skullkrasher\Documents\GitHub\CHILL-ICE-Project\MoonVR\BuildFile\\build\bin\ARM64\Master\GameAssembly.dll" --data-folder="C:\Users\Skullkrasher\Documents\GitHub\CHILL-ICE-Project\MoonVR\BuildFile\\build\bin\ARM64\Master\\" -cachedirectory="C:\Users\Skullkrasher\Documents\GitHub\CHILL-ICE-Project\MoonVR\BuildFile\\build\obj\il2cppOutputProject\ARM64\Master\\" -generatedcppdir="C:\Users\Skullkrasher\Documents\GitHub\CHILL-ICE-Project\MoonVR\BuildFile\Il2CppOutputProject\\Source"  --profiler-report --additional-defines=WINDOWS_UWP --additional-defines=UNITY_UWP --additional-defines=UNITY_WSA_10_0 --additional-defines=UNITY_WSA --additional-defines=UNITY_WINRT --additional-defines=PLATFORM_WINRT -dotnetprofile=unityaot -verbose --relative-data-path=Data/il2cpp_data --map-file-parser="C:\Users\Skullkrasher\Documents\GitHub\CHILL-ICE-Project\MoonVR\BuildFile\Il2CppOutputProject\\IL2CPP\MapFileParser\MapFileParser.exe" --compiler-flags="-d2ssa-cfg-jt-"" exited with code -532462766.
