  Building GameAssembly.dll with MsvcWinRtToolChain
  	Msvc Install Version: 15.0
  	Msvc Install SDK Directory: C:\Program Files (x86)\Windows Kits\10
  	Msvc Linker Path: C:\Program Files\Microsoft Visual Studio\2022\Community\VC\Tools\MSVC\14.33.31629\bin\HostX64\ARM64\link.exe
  	Msvc Compiler Path: C:\Program Files\Microsoft Visual Studio\2022\Community\VC\Tools\MSVC\14.33.31629\bin\HostX64\ARM64\cl.exe
  
  	Output directory: C:\Users\Skullkrasher\Documents\GitHub\CHILL-ICE-Project\MoonVR\BuildFile\build\bin\ARM64\Release
  	Cache directory: C:\Users\Skullkrasher\Documents\GitHub\CHILL-ICE-Project\MoonVR\BuildFile\build\obj\il2cppOutputProject\ARM64\Release
  Il2CppGenericMethodDefinitions.c
  Il2CppGenericMethodTable.c
  Il2CppGenericClassTable.c
  Il2CppGenericInstDefinitions.c
  Il2CppGenericMethodPointerTable.cpp
  Il2CppInteropDataTable.cpp
  Il2CppMetadataUsage.c
  Il2CppCompilerCalculateTypeValues4.cpp
  Il2CppCompilerCalculateTypeValues5.cpp
  Il2CppCompilerCalculateTypeValues3.cpp
  Il2CppCompilerCalculateTypeValues1.cpp
  Il2CppInvokerTable.cpp
  Il2CppCompilerCalculateTypeValues.cpp
  GenericMethods13.cpp
  mscorlib_CodeGen.c
  Il2CppCompilerCalculateTypeValues2.cpp
  Il2CppAttributes.cpp
  GenericMethods22.cpp
  GenericMethods3.cpp
  GenericMethods14.cpp
  Assembly-CSharp2.cpp
  GenericMethods9.cpp
  Il2CppTypeDefinitions.c
  Microsoft.MixedReality.Toolkit.SDK2.cpp
  Generics86.cpp
  Microsoft.WindowsAzure.Storage1.cpp
  GenericMethods10.cpp
  Assembly-CSharp.cpp
  System.Xml4.cpp
  GenericMethods8.cpp
  Assembly-CSharp3.cpp
C:\Users\Skullkrasher\Documents\GitHub\CHILL-ICE-Project\MoonVR\BuildFile\Il2CppOutputProject\Source\il2cppOutput\Assembly-CSharp3.cpp(48580): warning C4717: 'PersonalRadialView_get_MaxDistance_m41300771E8E375E6F4D80A61A60BCCAADDD168AD': recursive on all control paths, function will cause runtime stack overflow
C:\Users\Skullkrasher\Documents\GitHub\CHILL-ICE-Project\MoonVR\BuildFile\Il2CppOutputProject\Source\il2cppOutput\Assembly-CSharp3.cpp(48590): warning C4717: 'PersonalRadialView_set_MaxDistance_mCC2B261F5E18288EBE8AA192BA806CB94CABA114': recursive on all control paths, function will cause runtime stack overflow
  Unity.TextMeshPro2.cpp
  Microsoft.WindowsAzure.Storage.cpp
  Assembly-CSharp4.cpp
  Assembly-CSharp1.cpp
  GenericMethods18.cpp
  Microsoft.MixedReality.Toolkit.SDK.cpp
  UnresolvedVirtualCallStubs.cpp
  System.Xml11.cpp
  Il2CppComCallableWrappers3.cpp
  GenericMethods24.cpp
  GenericMethods2.cpp
  Microsoft.WindowsAzure.Storage4.cpp
  Microsoft.MixedReality.Toolkit.SDK1.cpp
  Microsoft.WindowsAzure.Storage2.cpp
  Microsoft.WindowsAzure.Storage6.cpp
  Il2CppComCallableWrappers1.cpp
  Generics43.cpp
  Microsoft.WindowsAzure.Storage7.cpp
  mscorlib15.cpp
  Microsoft.MixedReality.Toolkit.SDK5.cpp
  System.Xml2.cpp
  Microsoft.MixedReality.Toolkit.SDK4.cpp
  System.Xml7.cpp
  GenericMethods17.cpp
  System.Xml9.cpp
  Microsoft.MixedReality.Toolkit.SDK3.cpp
  Unity.TextMeshPro.cpp
  System6.cpp
  mscorlib5.cpp
  Microsoft.MixedReality.Toolkit.SDK6.cpp
  Microsoft.WindowsAzure.Storage5.cpp
  GenericMethods19.cpp
  Microsoft.MixedReality.Toolkit.Services.InputSystem.cpp
  Generics9.cpp
  PhotonVoice.API.cpp
  GenericMethods23.cpp
  Microsoft.WindowsAzure.Storage8.cpp
  Microsoft.MixedReality.Toolkit4.cpp
  Unity.TextMeshPro1.cpp
  Generics19.cpp
  System7.cpp
  UnityEngine.UIElementsModule.cpp
  Newtonsoft.Json.cpp
  GenericMethods20.cpp
  GenericMethods.cpp
  GenericMethods16.cpp
  Newtonsoft.Json2.cpp
  System.Xml5.cpp
  PhotonUnityNetworking.Demos.cpp
  GenericMethods11.cpp
  Microsoft.WindowsAzure.Storage3.cpp
  mscorlib6.cpp
  Generics21.cpp
  Newtonsoft.Json5.cpp
  Generics99.cpp
  Assembly-CSharp5.cpp
  Generics18.cpp
  System8.cpp
  GenericMethods1.cpp
  System9.cpp
  Unity.TextMeshPro3.cpp
  System.Net.Http.cpp
  System.Xml.cpp
  UnityEngine.UI.cpp
  Unity.RenderPipelines.Universal.Runtime1.cpp
  Microsoft.CSharp.cpp
  Generics7.cpp
  Microsoft.MixedReality.Toolkit.cpp
  Newtonsoft.Json1.cpp
  System.Xml10.cpp
  Generics17.cpp
  Generics10.cpp
  Generics8.cpp
  Unity.Postprocessing.Runtime.cpp
  Generics2.cpp
  PhotonVoice.cpp
  Unity.RenderPipelines.Core.Runtime.cpp
  Il2CppCompilerCalculateTypeValues6.cpp
  System.Xml13.cpp
  Microsoft.MixedReality.Toolkit1.cpp
  mscorlib12.cpp
  Generics6.cpp
  Unity.RenderPipelines.Universal.Runtime.cpp
  RestSharp.cpp
  Newtonsoft.Json6.cpp
  Microsoft.CSharp3.cpp
  GenericMethods7.cpp
  System.Xml12.cpp
  PhotonUnityNetworking.cpp
  GenericMethods21.cpp
  System.cpp
  Newtonsoft.Json7.cpp
  System.Core2.cpp
  Microsoft.MixedReality.Toolkit3.cpp
  GenericMethods15.cpp
  mscorlib2.cpp
  mscorlib8.cpp
  mscorlib13.cpp
  mscorlib9.cpp
  mscorlib14.cpp
  Microsoft.MixedReality.Toolkit2.cpp
  Il2CppComCallableWrappers25.cpp
  Unity.RenderPipelines.Core.Runtime1.cpp
  Newtonsoft.Json4.cpp
  System.Xml8.cpp
  Il2CppComCallableWrappers24.cpp
  Photon3Unity3D.cpp
  Generics90.cpp
  System.Xml1.cpp
  System5.cpp
  mscorlib16.cpp
  Microsoft.CSharp1.cpp
  System.Core3.cpp
  Newtonsoft.Json3.cpp
  mscorlib3.cpp
  Generics54.cpp
  Generics98.cpp
  mscorlib21.cpp
  System.Xml6.cpp
  mscorlib18.cpp
  System1.cpp
  System2.cpp
  Generics72.cpp
  System3.cpp
  GenericMethods6.cpp
  UnityEngine.UI1.cpp
  Microsoft.CSharp2.cpp
  Generics100.cpp
  mscorlib.cpp
  System.Xml3.cpp
  Generics.cpp
  PhotonRealtime.cpp
  Generics106.cpp
  System4.cpp
  Generics85.cpp
  UnityEngine.UI2.cpp
  Unity.RenderPipelines.Universal.Runtime2.cpp
  Generics22.cpp
  Microsoft.MixedReality.Toolkit.Services.InputSimulation.cpp
  mscorlib19.cpp
  mscorlib10.cpp
  Generics87.cpp
  mscorlib1.cpp
  Generics104.cpp
  Generics5.cpp
  Unity.TextMeshPro4.cpp
  mscorlib4.cpp
  Il2CppComCallableWrappers51.cpp
  Il2CppComCallableWrappers60.cpp
  System.Core4.cpp
  Generics23.cpp
  Il2CppComCallableWrappers43.cpp
  Il2CppComCallableWrappers.cpp
  Generics52.cpp
  Generics51.cpp
  Il2CppComCallableWrappers57.cpp
  Il2CppComCallableWrappers52.cpp
  System.Core.cpp
  UnityEngine.CoreModule1.cpp
  Generics70.cpp
  mscorlib7.cpp
  Il2CppComCallableWrappers50.cpp
  Generics4.cpp
  Generics20.cpp
  Il2CppComCallableWrappers28.cpp
  Il2CppComCallableWrappers68.cpp
  PhotonUnityNetworking.Utilities.cpp
  UnityEngine.CoreModule2.cpp
  Il2CppComCallableWrappers34.cpp
  mscorlib11.cpp
  Il2CppComCallableWrappers48.cpp
  Unity.Postprocessing.Runtime1.cpp
  GenericMethods5.cpp
  Il2CppComCallableWrappers40.cpp
  mscorlib22.cpp
  mscorlib20.cpp
  Il2CppComCallableWrappers65.cpp
  Il2CppComCallableWrappers61.cpp
  Il2CppComCallableWrappers49.cpp
  UnityEngine.CoreModule.cpp
  Il2CppComCallableWrappers64.cpp
  Il2CppComCallableWrappers55.cpp
  Il2CppComCallableWrappers69.cpp
  Generics88.cpp
  GenericMethods12.cpp
  Generics71.cpp
  Il2CppComCallableWrappers8.cpp
  Generics73.cpp
  Il2CppComCallableWrappers21.cpp
  Generics69.cpp
  Generics1.cpp
  System.Xml_CodeGen.c
  Il2CppComCallableWrappers53.cpp
  Il2CppComCallableWrappers67.cpp
  Il2CppComCallableWrappers22.cpp
  Il2CppCompilerCalculateTypeValuesTable.cpp
  Il2CppComCallableWrappers31.cpp
  Il2CppComCallableWrappers54.cpp
  Il2CppComCallableWrappers20.cpp
  Il2CppComCallableWrappers39.cpp
  Generics82.cpp
  Il2CppComCallableWrappers26.cpp
  Il2CppComCallableWrappers63.cpp
  GenericMethods25.cpp
  Il2CppComCallableWrappers44.cpp
  Il2CppComCallableWrappers36.cpp
  Il2CppComCallableWrappers32.cpp
  Il2CppComCallableWrappers19.cpp
  Il2CppComCallableWrappers62.cpp
  Generics105.cpp
  Generics89.cpp
  Photon3Unity3D1.cpp
  Il2CppComCallableWrappers41.cpp
  Il2CppComCallableWrappers59.cpp
  Generics55.cpp
  Generics107.cpp
  Generics53.cpp
  Il2CppComCallableWrappers56.cpp
  Generics41.cpp
  System.Xml14.cpp
  Il2CppComCallableWrappers66.cpp
  Il2CppComCallableWrappers70.cpp
  Il2CppComCallableWrappers47.cpp
  Il2CppComCallableWrappers11.cpp
  Generics75.cpp
  Microsoft.WindowsAzure.Storage_CodeGen.c
  Microsoft.MixedReality.Toolkit.Providers.WindowsMixedReality.cpp
  Il2CppComCallableWrappers15.cpp
  Il2CppComCallableWrappers33.cpp
  Il2CppComCallableWrappers30.cpp
  mscorlib17.cpp
  Il2CppComCallableWrappers46.cpp
  Generics80.cpp
  Il2CppComCallableWrappers35.cpp
  Generics91.cpp
  Generics67.cpp
  Generics76.cpp
  Mono.Security.cpp
  Il2CppComCallableWrappers14.cpp
  Il2CppComCallableWrappers45.cpp
  Generics97.cpp
  Il2CppComCallableWrappers37.cpp
  Generics102.cpp
  Generics3.cpp
  Generics96.cpp
  System_CodeGen.c
  Il2CppComCallableWrappers7.cpp
  Generics109.cpp
  Il2CppComCallableWrappers58.cpp
  System.Core1.cpp
  Generics101.cpp
  Il2CppComCallableWrappers38.cpp
  Il2CppComCallableWrappers42.cpp
  Generics112.cpp
  Il2CppComCallableWrappers13.cpp
  Generics74.cpp
  Generics38.cpp
  UnityEngine.CoreModule3.cpp
  Il2CppComCallableWrappers12.cpp
  Il2CppComCallableWrappers29.cpp
  Generics64.cpp
  Generics68.cpp
  Il2CppComCallableWrappers6.cpp
  Generics79.cpp
  Generics26.cpp
  Generics93.cpp
  Il2CppComCallableWrappers18.cpp
  Generics25.cpp
  Generics42.cpp
  Generics92.cpp
  Generics16.cpp
  Generics77.cpp
  Generics62.cpp
  Generics61.cpp
  Generics39.cpp
  Generics103.cpp
  Il2CppComCallableWrappers27.cpp
  Generics95.cpp
  Il2CppComCallableWrappers2.cpp
  Generics111.cpp
  Generics94.cpp
  Generics66.cpp
  Generics63.cpp
  Generics11.cpp
  Generics32.cpp
  Il2CppComCallableWrappers9.cpp
  Generics84.cpp
  Il2CppComCallableWrappers23.cpp
  Il2CppProjectedComCallableWrapperMethods7.cpp
  Il2CppComCallableWrappers5.cpp
  Generics83.cpp
  Il2CppComCallableWrappers4.cpp
  Il2CppProjectedComCallableWrapperMethods2.cpp
  Il2CppProjectedComCallableWrapperMethods4.cpp
  Generics110.cpp
  Generics29.cpp
  Generics78.cpp
  Il2CppProjectedComCallableWrapperMethods.cpp
  Generics60.cpp
  Il2CppComCallableWrappers16.cpp
  Generics31.cpp
  Generics56.cpp
  Il2CppProjectedComCallableWrapperMethods3.cpp
  Generics24.cpp
  Generics34.cpp
  Il2CppProjectedComCallableWrapperMethods6.cpp
  Generics40.cpp
  Il2CppProjectedComCallableWrapperMethods1.cpp
  Generics57.cpp
  Generics27.cpp
  Il2CppComCallableWrappers71.cpp
  Il2CppProjectedComCallableWrapperMethods5.cpp
  Generics108.cpp
  Generics35.cpp
  Generics81.cpp
  Generics44.cpp
  Generics30.cpp
  Generics33.cpp
  Generics46.cpp
  Generics59.cpp
  Generics36.cpp
  Generics28.cpp
  Generics47.cpp
  Generics49.cpp
  Generics48.cpp
  Il2CppComCallableWrappers17.cpp
  Generics37.cpp
  Generics50.cpp
  GenericMethods4.cpp
  Generics65.cpp
  Il2CppComCallableWrappers10.cpp
  Microsoft.MixedReality.Toolkit.SDK_CodeGen.c
  Generics45.cpp
  Il2CppGenericComDefinitions.cpp
  Generics12.cpp
  Generics58.cpp
  Generics13.cpp
  Newtonsoft.Json_CodeGen.c
  Microsoft.MixedReality.Toolkit.Gltf.cpp
  Generics15.cpp
  Generics14.cpp
  UnityEngine.IMGUIModule.cpp
  I18N.Rare.cpp
  Il2CppProjectedComCallableWrapperMethods8.cpp
  PhotonUnityNetworking.Demos1.cpp
  System.Core_CodeGen.c
  Microsoft.MixedReality.Toolkit_CodeGen.c
  System.Numerics.cpp
  UnityEngine.CoreModule_CodeGen.c
  UnityEngine.VRModule.cpp
  WindowsRuntimeMetadata.cpp
  Newtonsoft.Json8.cpp
  Microsoft.MixedReality.Toolkit.Services.SceneSystem.cpp
  Microsoft.MixedReality.Toolkit.SDK7.cpp
  Microsoft.Windows.MixedReality.DotNetWinRT.cpp
  PhotonUnityNetworking1.cpp
  Microsoft.MixedReality.Toolkit.Providers.XRSDK.cpp
  PhotonVoice.PUN.cpp
  Microsoft.MixedReality.Toolkit5.cpp
  System.Xml.Linq.cpp
  Assembly-CSharp_CodeGen.c
  Microsoft.CognitiveServices.Speech.csharp.cpp
  AzureSpatialAnchors.SDK.Core.Runtime.cpp
  Unity.RenderPipelines.Core.Runtime2.cpp
  AzureSpatialAnchors.SDK.Windows.Runtime.cpp
  Photon3Unity3D2.cpp
  System.Core5.cpp
  UnityEngine.UI3.cpp
  Microsoft.MixedReality.Toolkit.Extensions.SceneTransitionService.cpp
  UnityEngine.AndroidJNIModule.cpp
  Microsoft.CSharp_CodeGen.c
  PhotonChat.cpp
  Microsoft.MixedReality.Toolkit.Services.DiagnosticsSystem.cpp
  I18N.West.cpp
  mscorlib23.cpp
  Microsoft.MixedReality.Toolkit.Services.InputAnimation.cpp
  I18N.CJK.cpp
  I18N.Rare1.cpp
  I18N.cpp
  UnityEngine.XRModule.cpp
  PhotonRealtime1.cpp
  Microsoft.MixedReality.Toolkit.Providers.XRSDK.WindowsMixedReality.cpp
  PhotonVoice.API1.cpp
  UnityEngine.UnityWebRequestModule.cpp
  Microsoft.MixedReality.Toolkit.Providers.WindowsVoiceInput.cpp
  PhotonVoice1.cpp
  UnityEngine.UI_CodeGen.c
  Unity.TextMeshPro_CodeGen.c
  Microsoft.MixedReality.Toolkit.Services.InputSystem1.cpp
  Unity.RenderPipelines.Core.Runtime_CodeGen.c
  Microsoft.MixedReality.Toolkit.Providers.WindowsMixedReality.Shared.cpp
  char-conversions.cpp
  System10.cpp
  Unity.RenderPipelines.Universal.Runtime_CodeGen.c
  Microsoft.MixedReality.SceneUnderstanding.Projections.WSA.cpp
  I18N.Other.cpp
  UnityEngine.PhysicsModule.cpp
  UnityEngine.TextCoreModule.cpp
  UnityEngine.UIElementsModule1.cpp
  Photon3Unity3D_CodeGen.c
  UnityEngine.TerrainModule.cpp
  UnityEngine.AnimationModule.cpp
  I18N.MidEast.cpp
  System.Runtime.WindowsRuntime.cpp
  Mono.Security1.cpp
  Unity.TextMeshPro5.cpp
  UnityEngine.UIModule.cpp
  UnityEngine.AIModule.cpp
  UnityEngine.TextRenderingModule.cpp
  Microsoft.MixedReality.Toolkit.Async.cpp
  PhotonVoice.API_CodeGen.c
  PhotonUnityNetworking.Demos_CodeGen.c
  Microsoft.MixedReality.Toolkit.Services.SpatialAwarenessSystem.cpp
  Microsoft.CSharp4.cpp
  Microsoft.MixedReality.Toolkit.Services.TeleportSystem.cpp
  UnityEngine.AudioModule.cpp
  Microsoft.MixedReality.Toolkit.Extensions.HandPhysics.cpp
  Microsoft.MixedReality.Toolkit.Extensions.Tracking.cpp
  UnityEngine.Physics2DModule.cpp
  UnityEngine.UIElementsModule_CodeGen.c
  System.Net.Http1.cpp
  WindowsRuntimeMetadata_CodeGen.c
  Unity.Postprocessing.Runtime_CodeGen.c
  System.Net.Http_CodeGen.c
  Microsoft.MixedReality.Toolkit.Services.InputSystem_CodeGen.c
  RestSharp_CodeGen.c
  UnityEngine.SharedInternalsModule.cpp
  Microsoft.MixedReality.Toolkit.Services.CameraSystem.cpp
  UnityEngine.ParticleSystemModule.cpp
  PhotonRealtime_CodeGen.c
  UnityEngine.InputLegacyModule.cpp
  Microsoft.MixedReality.Toolkit.Services.InputSimulation_CodeGen.c
  PhotonVoice_CodeGen.c
  PhotonUnityNetworking_CodeGen.c
  Mono.Security_CodeGen.c
  UnityEngine.IMGUIModule_CodeGen.c
  UnityEngine.VRModule_CodeGen.c
  UnityEngine.SubsystemsModule.cpp
  AzureSpatialAnchors.SDK.Windows.Runtime_CodeGen.c
  Microsoft.Windows.MixedReality.DotNetWinRT_CodeGen.c
  Microsoft.CognitiveServices.Speech.csharp_CodeGen.c
  Microsoft.MixedReality.Toolkit.Services.BoundarySystem.cpp
  PhotonUnityNetworking.Utilities_CodeGen.c
  UnityEngine.VideoModule.cpp
  UnityEngine.TilemapModule.cpp
  Generics113.cpp
  deflate.c
  System.Xml.Linq_CodeGen.c
  UnityEngine.AndroidJNIModule_CodeGen.c
  Microsoft.MixedReality.Toolkit.Providers.WindowsMixedReality_CodeGen.c
  System.Numerics_CodeGen.c
  I18N.Rare_CodeGen.c
  UnityEngine.UnityAnalyticsModule.cpp
  I18N.CJK_CodeGen.c
  Microsoft.MixedReality.Toolkit.Services.SceneSystem_CodeGen.c
  UnityEngine.PhysicsModule_CodeGen.c
  System.Configuration.cpp
  inflate.c
  UnityEngine.VFXModule.cpp
  UnityEngine.InputModule.cpp
  System.Runtime.Serialization.cpp
  AzureSpatialAnchors.SDK.Core.Runtime_CodeGen.c
  Microsoft.MixedReality.Toolkit.Extensions.SceneTransitionService_CodeGen.c
  trees.c
  Microsoft.MixedReality.Toolkit.Services.InputAnimation_CodeGen.c
  UnityEngine.JSONSerializeModule.cpp
  System.Web.cpp
  PhotonChat_CodeGen.c
  Microsoft.MixedReality.Toolkit.Gltf_CodeGen.c
  UnityEngine.UnityWebRequestModule_CodeGen.c
  Microsoft.MixedReality.Toolkit.Services.DiagnosticsSystem_CodeGen.c
  UnityEngine.AnimationModule_CodeGen.c
  UnityEngine.XRModule_CodeGen.c
  UnityEngine.TextCoreModule_CodeGen.c
  xamarin_getifaddrs.c
  Microsoft.MixedReality.SceneUnderstanding.Projections.WSA_CodeGen.c
  UnityEngine.UIModule_CodeGen.c
  I18N_CodeGen.c
  System.Runtime.WindowsRuntime_CodeGen.c
  System.Runtime.WindowsRuntime.UI.Xaml.cpp
  UnityEngine.AssetBundleModule.cpp
  UnityEngine.AudioModule_CodeGen.c
  I18N.West_CodeGen.c
  UnityEngine.AIModule_CodeGen.c
  Microsoft.MixedReality.Toolkit.Providers.WindowsMixedReality.Shared_CodeGen.c
  UnityEngine.ParticleSystemModule_CodeGen.c
  infback.c
  Microsoft.MixedReality.Toolkit.Async_CodeGen.c
  il2cpp-api.cpp
  UnityEngine.DirectorModule.cpp
  I18N.Other_CodeGen.c
  Microsoft.MixedReality.Toolkit.Providers.WindowsVoiceInput_CodeGen.c
  gzread.c
C:\Users\Skullkrasher\Documents\GitHub\CHILL-ICE-Project\MoonVR\BuildFile\Il2CppOutputProject\IL2CPP\external\zlib\gzread.c(319): warning C4267: '=': conversion from 'size_t' to 'unsigned int', possible loss of data
C:\Users\Skullkrasher\Documents\GitHub\CHILL-ICE-Project\MoonVR\BuildFile\Il2CppOutputProject\IL2CPP\external\zlib\gzread.c(400): warning C4267: '=': conversion from 'size_t' to 'unsigned int', possible loss of data
C:\Users\Skullkrasher\Documents\GitHub\CHILL-ICE-Project\MoonVR\BuildFile\Il2CppOutputProject\IL2CPP\external\zlib\gzread.c(472): warning C4267: '=': conversion from 'size_t' to 'int', possible loss of data
  UnityEngine.Physics2DModule_CodeGen.c
  Microsoft.MixedReality.Toolkit.Providers.XRSDK_CodeGen.c
  Unity.RenderPipeline.Universal.ShaderLibrary.cpp
  Il2CppCodeRegistration.cpp
  UnityEngine.SharedInternalsModule_CodeGen.c
  UnityEngine.TextRenderingModule_CodeGen.c
  gzwrite.c
C:\Users\Skullkrasher\Documents\GitHub\CHILL-ICE-Project\MoonVR\BuildFile\Il2CppOutputProject\IL2CPP\external\zlib\gzwrite.c(212): warning C4267: '=': conversion from 'size_t' to 'unsigned int', possible loss of data
C:\Users\Skullkrasher\Documents\GitHub\CHILL-ICE-Project\MoonVR\BuildFile\Il2CppOutputProject\IL2CPP\external\zlib\gzwrite.c(232): warning C4267: '=': conversion from 'size_t' to 'unsigned int', possible loss of data
C:\Users\Skullkrasher\Documents\GitHub\CHILL-ICE-Project\MoonVR\BuildFile\Il2CppOutputProject\IL2CPP\external\zlib\gzwrite.c(371): warning C4267: '=': conversion from 'size_t' to 'int', possible loss of data
  gzlib.c
  PhotonVoice.PUN_CodeGen.c
  Microsoft.MixedReality.Toolkit.Providers.XRSDK.WindowsMixedReality_CodeGen.c
  Microsoft.MixedReality.Toolkit.Extensions.HandPhysics_CodeGen.c
  UnityEngine.TerrainModule_CodeGen.c
  Il2CppReversePInvokeWrapperTable.cpp
  UnityEngine.InputLegacyModule_CodeGen.c
  crc32.c
  I18N.MidEast_CodeGen.c
  inftrees.c
  Unity.XR.ARSubsystems.cpp
  inffast.c
  Microsoft.MixedReality.Toolkit.Services.SpatialAwarenessSystem_CodeGen.c
  Microsoft.MixedReality.Toolkit.Extensions.Tracking_CodeGen.c
  Microsoft.MixedReality.Toolkit.Services.TeleportSystem_CodeGen.c
  UnityEngine.TilemapModule_CodeGen.c
  UnityEngine.SubsystemsModule_CodeGen.c
  UnityEngine.ImageConversionModule.cpp
  zutil.c
  Microsoft.MixedReality.Toolkit.Services.CameraSystem_CodeGen.c
  UnityEngine.VideoModule_CodeGen.c
  System.Configuration_CodeGen.c
  UnityEngine.UnityAnalyticsModule_CodeGen.c
  UnityEngine.InputModule_CodeGen.c
  adler32.c
  UnityEngine.VFXModule_CodeGen.c
  System.Runtime.Serialization_CodeGen.c
  UnityEngine.GridModule.cpp
  Microsoft.MixedReality.Toolkit.Services.BoundarySystem_CodeGen.c
  System.Web_CodeGen.c
  uncompr.c
  compress.c
  Unity.XR.ARSubsystems_CodeGen.c
  System.Runtime.WindowsRuntime.UI.Xaml_CodeGen.c
  UnityEngine.JSONSerializeModule_CodeGen.c
  Lump_libil2cpp_icalls.cpp
  UnityAdsStubs.cpp
  krait_signal_handler.c
  UnityEngine.DirectorModule_CodeGen.c
  UnityEngine.ImageConversionModule_CodeGen.c
  Il2CppMetadataRegistration.c
  Lump_libil2cpp_metadata.cpp
  netstandard.cpp
  Lump_libil2cpp_utils.cpp
  System.Collections.cpp
  System.ComponentModel.TypeConverter.cpp
  System.Diagnostics.StackTrace.cpp
  System.Diagnostics.Tracing.cpp
  System.Diagnostics.Debug.cpp
  gc.c
  System.Dynamic.Runtime.cpp
  System.Globalization.Extensions.cpp
  System.Globalization.cpp
  System.IO.cpp
  System.IO.Compression.cpp
  System.IO.FileSystem.cpp
  System.IO.FileSystem.Primitives.cpp
  System.Linq.cpp
  System.Net.Primitives.cpp
  System.Linq.Expressions.cpp
  System.ObjectModel.cpp
  System.Reflection.cpp
  System.Numerics.Vectors.cpp
  System.Reflection.Primitives.cpp
  System.Reflection.Extensions.cpp
  System.Runtime.cpp
  System.Runtime.InteropServices.cpp
  System.Runtime.Extensions.cpp
  System.Runtime.InteropServices.WindowsRuntime.cpp
  System.Runtime.Numerics.cpp
  Lump_libil2cpp_os.cpp
  System.Runtime.Serialization.Formatters.cpp
  System.Runtime.Serialization.Primitives.cpp
  System.Runtime.Serialization.Xml.cpp
  System.Security.Cryptography.Algorithms.cpp
  System.Security.Cryptography.Primitives.cpp
  System.Text.Encoding.cpp
  System.Text.Encoding.Extensions.cpp
  System.Text.RegularExpressions.cpp
  System.Threading.cpp
  System.Threading.Tasks.cpp
  System.Threading.Timer.cpp
  System.Xml.ReaderWriter.cpp
  System.Xml.XDocument.cpp
  UnityEngine.cpp
  System.Xml.XmlDocument.cpp
  UnityEngine.GridModule_CodeGen.c
  il2cpp-benchmark-support.cpp
  gzclose.c
  System.Runtime.InteropServices.WindowsRuntime_CodeGen.c
  System.Runtime.Serialization.Formatters_CodeGen.c
  Unity.RenderPipeline.Universal.ShaderLibrary_CodeGen.c
  Lump_libil2cpp_vm.cpp
  System.Runtime.Serialization.Primitives_CodeGen.c
  System.Security.Cryptography.Algorithms_CodeGen.c
  System.ComponentModel.TypeConverter_CodeGen.c
  System.Security.Cryptography.Primitives_CodeGen.c
  System.Runtime.Serialization.Xml_CodeGen.c
  System.Globalization.Extensions_CodeGen.c
  System.Runtime.InteropServices_CodeGen.c
  System.Text.Encoding.Extensions_CodeGen.c
  System.IO.FileSystem.Primitives_CodeGen.c
  Lump_libil2cpp_vm-utils.cpp
  System.Text.RegularExpressions_CodeGen.c
  System.Diagnostics.StackTrace_CodeGen.c
  System.Reflection.Primitives_CodeGen.c
  UnityEngine.AssetBundleModule_CodeGen.c
  System.Reflection.Extensions_CodeGen.c
  System.Diagnostics.Tracing_CodeGen.c
  Lump_libil2cpp_gc.cpp
  System.Diagnostics.Debug_CodeGen.c
  System.Runtime.Extensions_CodeGen.c
  System.Numerics.Vectors_CodeGen.c
  System.Runtime.Numerics_CodeGen.c
  System.Linq.Expressions_CodeGen.c
  System.Xml.ReaderWriter_CodeGen.c
  System.Threading.Tasks_CodeGen.c
  System.Dynamic.Runtime_CodeGen.c
  System.Threading.Timer_CodeGen.c
  System.Xml.XmlDocument_CodeGen.c
  System.IO.Compression_CodeGen.c
  System.Net.Primitives_CodeGen.c
  System.Globalization_CodeGen.c
  System.IO.FileSystem_CodeGen.c
  Lump_libil2cpp_mono.cpp
  System.Text.Encoding_CodeGen.c
  System.Collections_CodeGen.c
  System.ObjectModel_CodeGen.c
  System.Xml.XDocument_CodeGen.c
  System.Reflection_CodeGen.c
  System.Runtime_CodeGen.c
  System.Threading_CodeGen.c
  netstandard_CodeGen.c
  System.Linq_CodeGen.c
  System.IO_CodeGen.c
  UnityEngine_CodeGen.c
  Lump_libil2cpp_mono-runtime.cpp
  Lump_libil2cpp_debugger.cpp
  il2cpp-runtime-stats.cpp
  Lump_libil2cpp_codegen.cpp
  ObjectFiles: 671 of which compiled: 671
  	Time Compile: 32274 milliseconds Unity.TextMeshPro4.cpp
  	Time Compile: 25130 milliseconds Generics1.cpp
  	Time Compile: 24324 milliseconds Il2CppTypeDefinitions.c
  	Time Compile: 23993 milliseconds Unity.TextMeshPro3.cpp
  	Time Compile: 19227 milliseconds System9.cpp
  	Time Compile: 18391 milliseconds Il2CppAttributes.cpp
  	Time Compile: 15984 milliseconds mscorlib7.cpp
  	Time Compile: 15688 milliseconds Il2CppComCallableWrappers48.cpp
  	Time Compile: 15676 milliseconds Il2CppComCallableWrappers52.cpp
  	Time Compile: 15672 milliseconds Lump_libil2cpp_os.cpp
  Total compilation time: 388153 milliseconds.
  Creating library C:\Users\Skullkrasher\Documents\GitHub\CHILL-ICE-Project\MoonVR\BuildFile\build\obj\il2cppOutputProject\ARM64\Release\linkresult_1504656EF04BFF564FE43CE5F832C1D2\GameAssembly.lib and object C:\Users\Skullkrasher\Documents\GitHub\CHILL-ICE-Project\MoonVR\BuildFile\build\obj\il2cppOutputProject\ARM64\Release\linkresult_1504656EF04BFF564FE43CE5F832C1D2\GameAssembly.exp
  Total link time: 70832 milliseconds.
  Cleaned up 1343 object files.
